# JRE version: OpenJDK Runtime Environment (14.0.2+12) (build 14.0.2+12-46)
# Java VM: OpenJDK 64-Bit Server VM (14.0.2+12-46, mixed mode, tiered, compressed oops, g1 gc, windows-amd64)
Heap:
 garbage-first heap   total 40960K, used 33156K [0x0000000702c00000, 0x0000000800000000)
  region size 1024K, 23 young (23552K), 2 survivors (2048K)
 Metaspace       used 30830K, capacity 31616K, committed 31792K, reserved 1077248K
  class space    used 3415K, capacity 3709K, committed 3712K, reserved 1048576K
GC Heap History (20 events):
Event: 0.927 GC heap after
{Heap after GC invocations=1 (full 0):
 garbage-first heap   total 260096K, used 6853K [0x0000000702c00000, 0x0000000800000000)
  region size 1024K, 3 young (3072K), 3 survivors (3072K)
 Metaspace       used 11984K, capacity 12198K, committed 12416K, reserved 1060864K
  class space    used 1083K, capacity 1144K, committed 1152K, reserved 1048576K
}
Event: 1.138 GC heap before
{Heap before GC invocations=1 (full 0):
 garbage-first heap   total 260096K, used 28357K [0x0000000702c00000, 0x0000000800000000)
  region size 1024K, 25 young (25600K), 3 survivors (3072K)
 Metaspace       used 14305K, capacity 14505K, committed 14848K, reserved 1062912K
  class space    used 1364K, capacity 1426K, committed 1536K, reserved 1048576K
}
Event: 1.141 GC heap after
{Heap after GC invocations=2 (full 0):
 garbage-first heap   total 260096K, used 7658K [0x0000000702c00000, 0x0000000800000000)
  region size 1024K, 1 young (1024K), 1 survivors (1024K)
 Metaspace       used 14305K, capacity 14505K, committed 14848K, reserved 1062912K
  class space    used 1364K, capacity 1426K, committed 1536K, reserved 1048576K
}
Event: 1.620 GC heap before
{Heap before GC invocations=2 (full 0):
 garbage-first heap   total 260096K, used 89578K [0x0000000702c00000, 0x0000000800000000)
  region size 1024K, 83 young (84992K), 1 survivors (1024K)
 Metaspace       used 20725K, capacity 21164K, committed 21296K, reserved 1069056K
  class space    used 2187K, capacity 2352K, committed 2432K, reserved 1048576K
}
Event: 1.623 GC heap after
{Heap after GC invocations=3 (full 0):
 garbage-first heap   total 260096K, used 9066K [0x0000000702c00000, 0x0000000800000000)
  region size 1024K, 3 young (3072K), 3 survivors (3072K)
 Metaspace       used 20725K, capacity 21164K, committed 21296K, reserved 1069056K
  class space    used 2187K, capacity 2352K, committed 2432K, reserved 1048576K
}
Event: 1.744 GC heap before
{Heap before GC invocations=4 (full 0):
 garbage-first heap   total 37888K, used 35690K [0x0000000702c00000, 0x0000000800000000)
  region size 1024K, 30 young (30720K), 3 survivors (3072K)
 Metaspace       used 23221K, capacity 23736K, committed 23856K, reserved 1071104K
  class space    used 2446K, capacity 2611K, committed 2688K, reserved 1048576K
}
Event: 1.747 GC heap after
{Heap after GC invocations=5 (full 0):
 garbage-first heap   total 40960K, used 9406K [0x0000000702c00000, 0x0000000800000000)
  region size 1024K, 3 young (3072K), 3 survivors (3072K)
 Metaspace       used 23221K, capacity 23736K, committed 23856K, reserved 1071104K
  class space    used 2446K, capacity 2611K, committed 2688K, reserved 1048576K
}
Event: 1.808 GC heap before
{Heap before GC invocations=5 (full 0):
 garbage-first heap   total 40960K, used 27838K [0x0000000702c00000, 0x0000000800000000)
  region size 1024K, 22 young (22528K), 3 survivors (3072K)
 Metaspace       used 24966K, capacity 25489K, committed 25648K, reserved 1073152K
  class space    used 2688K, capacity 2854K, committed 2944K, reserved 1048576K
}
Event: 1.810 GC heap after
{Heap after GC invocations=6 (full 0):
 garbage-first heap   total 40960K, used 9694K [0x0000000702c00000, 0x0000000800000000)
  region size 1024K, 1 young (1024K), 1 survivors (1024K)
 Metaspace       used 24966K, capacity 25489K, committed 25648K, reserved 1073152K
  class space    used 2688K, capacity 2854K, committed 2944K, reserved 1048576K
}
Event: 1.943 GC heap before
{Heap before GC invocations=6 (full 0):
 garbage-first heap   total 40960K, used 29150K [0x0000000702c00000, 0x0000000800000000)
  region size 1024K, 21 young (21504K), 1 survivors (1024K)
 Metaspace       used 26491K, capacity 27069K, committed 27184K, reserved 1073152K
  class space    used 2901K, capacity 3109K, committed 3200K, reserved 1048576K
}
Event: 1.944 GC heap after
{Heap after GC invocations=7 (full 0):
 garbage-first heap   total 40960K, used 10326K [0x0000000702c00000, 0x0000000800000000)
  region size 1024K, 2 young (2048K), 2 survivors (2048K)
 Metaspace       used 26491K, capacity 27069K, committed 27184K, reserved 1073152K
  class space    used 2901K, capacity 3109K, committed 3200K, reserved 1048576K
}
Event: 1.947 GC heap before
{Heap before GC invocations=7 (full 0):
 garbage-first heap   total 40960K, used 29782K [0x0000000702c00000, 0x0000000800000000)
  region size 1024K, 22 young (22528K), 2 survivors (2048K)
 Metaspace       used 26491K, capacity 27069K, committed 27184K, reserved 1073152K
  class space    used 2901K, capacity 3109K, committed 3200K, reserved 1048576K
}
Event: 1.949 GC heap after
{Heap after GC invocations=8 (full 0):
 garbage-first heap   total 40960K, used 10305K [0x0000000702c00000, 0x0000000800000000)
  region size 1024K, 2 young (2048K), 2 survivors (2048K)
 Metaspace       used 26491K, capacity 27069K, committed 27184K, reserved 1073152K
  class space    used 2901K, capacity 3109K, committed 3200K, reserved 1048576K
}
Event: 1.992 GC heap before
{Heap before GC invocations=8 (full 0):
 garbage-first heap   total 40960K, used 30785K [0x0000000702c00000, 0x0000000800000000)
  region size 1024K, 23 young (23552K), 2 survivors (2048K)
 Metaspace       used 26938K, capacity 27485K, committed 27696K, reserved 1073152K
  class space    used 2938K, capacity 3141K, committed 3200K, reserved 1048576K
}
Event: 1.993 GC heap after
{Heap after GC invocations=9 (full 0):
 garbage-first heap   total 40960K, used 10588K [0x0000000702c00000, 0x0000000800000000)
  region size 1024K, 2 young (2048K), 2 survivors (2048K)
 Metaspace       used 26938K, capacity 27485K, committed 27696K, reserved 1073152K
  class space    used 2938K, capacity 3141K, committed 3200K, reserved 1048576K
}
Event: 2.211 GC heap before
{Heap before GC invocations=9 (full 0):
 garbage-first heap   total 40960K, used 31068K [0x0000000702c00000, 0x0000000800000000)
  region size 1024K, 23 young (23552K), 2 survivors (2048K)
 Metaspace       used 28199K, capacity 28771K, committed 28848K, reserved 1075200K
  class space    used 3058K, capacity 3280K, committed 3328K, reserved 1048576K
}
Event: 2.213 GC heap after
{Heap after GC invocations=10 (full 0):
 garbage-first heap   total 40960K, used 11313K [0x0000000702c00000, 0x0000000800000000)
  region size 1024K, 2 young (2048K), 2 survivors (2048K)
 Metaspace       used 28199K, capacity 28771K, committed 28848K, reserved 1075200K
  class space    used 3058K, capacity 3280K, committed 3328K, reserved 1048576K
}
Event: 2.396 GC heap before
{Heap before GC invocations=10 (full 0):
 garbage-first heap   total 40960K, used 30769K [0x0000000702c00000, 0x0000000800000000)
  region size 1024K, 22 young (22528K), 2 survivors (2048K)
 Metaspace       used 29374K, capacity 30038K, committed 30256K, reserved 1077248K
  class space    used 3200K, capacity 3441K, committed 3456K, reserved 1048576K
}
Event: 2.398 GC heap after
{Heap after GC invocations=11 (full 0):
 garbage-first heap   total 40960K, used 11652K [0x0000000702c00000, 0x0000000800000000)
  region size 1024K, 2 young (2048K), 2 survivors (2048K)
 Metaspace       used 29374K, capacity 30038K, committed 30256K, reserved 1077248K
  class space    used 3200K, capacity 3441K, committed 3456K, reserved 1048576K
}
Event: 2.633 GC heap before
{Heap before GC invocations=11 (full 0):
 garbage-first heap   total 40960K, used 33156K [0x0000000702c00000, 0x0000000800000000)
  region size 1024K, 23 young (23552K), 2 survivors (2048K)
 Metaspace       used 30830K, capacity 31616K, committed 31792K, reserved 1077248K
  class space    used 3415K, capacity 3709K, committed 3712K, reserved 1048576K
}

